<?xml version="1.0" encoding="UTF-8"?>
<testng-results skipped="0" failed="3" ignored="0" total="8" passed="5">
  <reporter-output>
  </reporter-output>
  <suite name="FunctionalTestSuite" duration-ms="38035" started-at="2020-09-08T07:31:45Z" finished-at="2020-09-08T07:32:23Z">
    <groups>
    </groups>
    <test name="ChromeTest" duration-ms="37895" started-at="2020-09-08T07:31:45Z" finished-at="2020-09-08T07:32:23Z">
      <class name="com.zoopla.SearchhousesFunctionality.searchhouses">
        <test-method status="PASS" signature="SettingtheEnvironment()[pri:0, instance:com.zoopla.SearchhousesFunctionality.searchhouses@5622fdf]" name="SettingtheEnvironment" is-config="true" duration-ms="10174" started-at="2020-09-08T00:31:45Z" finished-at="2020-09-08T00:31:56Z">
          <reporter-output>
          </reporter-output>
        </test-method> <!-- SettingtheEnvironment -->
        <test-method status="FAIL" signature="enter_input_location()[pri:0, instance:com.zoopla.SearchhousesFunctionality.searchhouses@5622fdf]" name="enter_input_location" duration-ms="419" started-at="2020-09-08T00:31:56Z" finished-at="2020-09-08T00:31:56Z">
          <exception class="org.openqa.selenium.ElementNotInteractableException">
            <message>
              <![CDATA[Element <button class="ui-button-primary ui-cookie-accept-all-medium-large" type="button"> could not be scrolled into view
Build info: version: '3.141.5', revision: 'd54ebd709a', time: '2018-11-06T11:42:16'
System info: host: 'SIRI-PC', ip: '192.168.0.23', os.name: 'Windows 10', os.arch: 'amd64', os.version: '10.0', java.version: '1.8.0_251'
Driver info: org.openqa.selenium.firefox.FirefoxDriver
Capabilities {acceptInsecureCerts: true, browserName: firefox, browserVersion: 79.0, javascriptEnabled: true, moz:accessibilityChecks: false, moz:buildID: 20200720193547, moz:geckodriverVersion: 0.27.0, moz:headless: false, moz:processID: 48860, moz:profile: C:\Users\siri\AppData\Local..., moz:shutdownTimeout: 60000, moz:useNonSpecCompliantPointerOrigin: false, moz:webdriverClick: true, pageLoadStrategy: normal, platform: WINDOWS, platformName: WINDOWS, platformVersion: 10.0, rotatable: false, setWindowRect: true, strictFileInteractability: false, timeouts: {implicit: 0, pageLoad: 300000, script: 30000}, unhandledPromptBehavior: dismiss and notify}
Session ID: b57d424f-60c5-4057-8917-d11c9046c6e7]]>
            </message>
            <full-stacktrace>
              <![CDATA[org.openqa.selenium.ElementNotInteractableException: Element <button class="ui-button-primary ui-cookie-accept-all-medium-large" type="button"> could not be scrolled into view
Build info: version: '3.141.5', revision: 'd54ebd709a', time: '2018-11-06T11:42:16'
System info: host: 'SIRI-PC', ip: '192.168.0.23', os.name: 'Windows 10', os.arch: 'amd64', os.version: '10.0', java.version: '1.8.0_251'
Driver info: org.openqa.selenium.firefox.FirefoxDriver
Capabilities {acceptInsecureCerts: true, browserName: firefox, browserVersion: 79.0, javascriptEnabled: true, moz:accessibilityChecks: false, moz:buildID: 20200720193547, moz:geckodriverVersion: 0.27.0, moz:headless: false, moz:processID: 48860, moz:profile: C:\Users\siri\AppData\Local..., moz:shutdownTimeout: 60000, moz:useNonSpecCompliantPointerOrigin: false, moz:webdriverClick: true, pageLoadStrategy: normal, platform: WINDOWS, platformName: WINDOWS, platformVersion: 10.0, rotatable: false, setWindowRect: true, strictFileInteractability: false, timeouts: {implicit: 0, pageLoad: 300000, script: 30000}, unhandledPromptBehavior: dismiss and notify}
Session ID: b57d424f-60c5-4057-8917-d11c9046c6e7
	at sun.reflect.NativeConstructorAccessorImpl.newInstance0(Native Method)
	at sun.reflect.NativeConstructorAccessorImpl.newInstance(Unknown Source)
	at sun.reflect.DelegatingConstructorAccessorImpl.newInstance(Unknown Source)
	at java.lang.reflect.Constructor.newInstance(Unknown Source)
	at org.openqa.selenium.remote.http.W3CHttpResponseCodec.createException(W3CHttpResponseCodec.java:187)
	at org.openqa.selenium.remote.http.W3CHttpResponseCodec.decode(W3CHttpResponseCodec.java:122)
	at org.openqa.selenium.remote.http.W3CHttpResponseCodec.decode(W3CHttpResponseCodec.java:49)
	at org.openqa.selenium.remote.HttpCommandExecutor.execute(HttpCommandExecutor.java:158)
	at org.openqa.selenium.remote.service.DriverCommandExecutor.execute(DriverCommandExecutor.java:83)
	at org.openqa.selenium.remote.RemoteWebDriver.execute(RemoteWebDriver.java:552)
	at org.openqa.selenium.remote.RemoteWebElement.execute(RemoteWebElement.java:285)
	at org.openqa.selenium.remote.RemoteWebElement.click(RemoteWebElement.java:84)
	at sun.reflect.NativeMethodAccessorImpl.invoke0(Native Method)
	at sun.reflect.NativeMethodAccessorImpl.invoke(Unknown Source)
	at sun.reflect.DelegatingMethodAccessorImpl.invoke(Unknown Source)
	at java.lang.reflect.Method.invoke(Unknown Source)
	at org.openqa.selenium.support.pagefactory.internal.LocatingElementHandler.invoke(LocatingElementHandler.java:51)
	at com.sun.proxy.$Proxy11.click(Unknown Source)
	at com.zoopla.utilites.BrowserUtilites.ufclick(BrowserUtilites.java:64)
	at com.zoopla.POM_searchhouses.searchhouses_POM.searchinputlocation_and_submit(searchhouses_POM.java:46)
	at com.zoopla.SearchhousesFunctionality.searchhouses.enter_input_location(searchhouses.java:25)
	at sun.reflect.NativeMethodAccessorImpl.invoke0(Native Method)
	at sun.reflect.NativeMethodAccessorImpl.invoke(Unknown Source)
	at sun.reflect.DelegatingMethodAccessorImpl.invoke(Unknown Source)
	at java.lang.reflect.Method.invoke(Unknown Source)
	at org.testng.internal.MethodInvocationHelper.invokeMethod(MethodInvocationHelper.java:104)
	at org.testng.internal.Invoker.invokeMethod(Invoker.java:645)
	at org.testng.internal.Invoker.invokeTestMethod(Invoker.java:851)
	at org.testng.internal.Invoker.invokeTestMethods(Invoker.java:1177)
	at org.testng.internal.TestMethodWorker.invokeTestMethods(TestMethodWorker.java:129)
	at org.testng.internal.TestMethodWorker.run(TestMethodWorker.java:112)
	at org.testng.TestRunner.privateRun(TestRunner.java:756)
	at org.testng.TestRunner.run(TestRunner.java:610)
	at org.testng.SuiteRunner.runTest(SuiteRunner.java:387)
	at org.testng.SuiteRunner.access$000(SuiteRunner.java:39)
	at org.testng.SuiteRunner$SuiteWorker.run(SuiteRunner.java:421)
	at org.testng.internal.thread.ThreadUtil$2.call(ThreadUtil.java:64)
	at java.util.concurrent.FutureTask.run(Unknown Source)
	at java.util.concurrent.ThreadPoolExecutor.runWorker(Unknown Source)
	at java.util.concurrent.ThreadPoolExecutor$Worker.run(Unknown Source)
	at java.lang.Thread.run(Unknown Source)
]]>
            </full-stacktrace>
          </exception> <!-- org.openqa.selenium.ElementNotInteractableException -->
          <reporter-output>
          </reporter-output>
        </test-method> <!-- enter_input_location -->
        <test-method status="PASS" signature="listof_house_prices_in_descending()[pri:1, instance:com.zoopla.SearchhousesFunctionality.searchhouses@5622fdf]" name="listof_house_prices_in_descending" duration-ms="21714" started-at="2020-09-08T00:31:57Z" finished-at="2020-09-08T00:32:18Z">
          <reporter-output>
          </reporter-output>
        </test-method> <!-- listof_house_prices_in_descending -->
        <test-method status="PASS" signature="click_on_the_fiveth_property()[pri:2, instance:com.zoopla.SearchhousesFunctionality.searchhouses@5622fdf]" name="click_on_the_fiveth_property" duration-ms="4706" started-at="2020-09-08T00:32:18Z" finished-at="2020-09-08T00:32:23Z">
          <reporter-output>
          </reporter-output>
        </test-method> <!-- click_on_the_fiveth_property -->
        <test-method status="FAIL" signature="click_and_verify_agentname()[pri:3, instance:com.zoopla.SearchhousesFunctionality.searchhouses@5622fdf]" name="click_and_verify_agentname" duration-ms="11" started-at="2020-09-08T00:32:23Z" finished-at="2020-09-08T00:32:23Z">
          <exception class="org.openqa.selenium.NoSuchElementException">
            <message>
              <![CDATA[Unable to locate element: //div[@class='dp-sidebar-wrapper__contact']//div[@class='ui-agent__text']//h4[@class='ui-agent__name']
For documentation on this error, please visit: http://seleniumhq.org/exceptions/no_such_element.html
Build info: version: '3.141.5', revision: 'd54ebd709a', time: '2018-11-06T11:42:16'
System info: host: 'SIRI-PC', ip: '192.168.0.23', os.name: 'Windows 10', os.arch: 'amd64', os.version: '10.0', java.version: '1.8.0_251'
Driver info: org.openqa.selenium.firefox.FirefoxDriver
Capabilities {acceptInsecureCerts: true, browserName: firefox, browserVersion: 79.0, javascriptEnabled: true, moz:accessibilityChecks: false, moz:buildID: 20200720193547, moz:geckodriverVersion: 0.27.0, moz:headless: false, moz:processID: 48860, moz:profile: C:\Users\siri\AppData\Local..., moz:shutdownTimeout: 60000, moz:useNonSpecCompliantPointerOrigin: false, moz:webdriverClick: true, pageLoadStrategy: normal, platform: WINDOWS, platformName: WINDOWS, platformVersion: 10.0, rotatable: false, setWindowRect: true, strictFileInteractability: false, timeouts: {implicit: 0, pageLoad: 300000, script: 30000}, unhandledPromptBehavior: dismiss and notify}
Session ID: b57d424f-60c5-4057-8917-d11c9046c6e7
*** Element info: {Using=xpath, value=//div[@class='dp-sidebar-wrapper__contact']//div[@class='ui-agent__text']//h4[@class='ui-agent__name']}]]>
            </message>
            <full-stacktrace>
              <![CDATA[org.openqa.selenium.NoSuchElementException: Unable to locate element: //div[@class='dp-sidebar-wrapper__contact']//div[@class='ui-agent__text']//h4[@class='ui-agent__name']
For documentation on this error, please visit: http://seleniumhq.org/exceptions/no_such_element.html
Build info: version: '3.141.5', revision: 'd54ebd709a', time: '2018-11-06T11:42:16'
System info: host: 'SIRI-PC', ip: '192.168.0.23', os.name: 'Windows 10', os.arch: 'amd64', os.version: '10.0', java.version: '1.8.0_251'
Driver info: org.openqa.selenium.firefox.FirefoxDriver
Capabilities {acceptInsecureCerts: true, browserName: firefox, browserVersion: 79.0, javascriptEnabled: true, moz:accessibilityChecks: false, moz:buildID: 20200720193547, moz:geckodriverVersion: 0.27.0, moz:headless: false, moz:processID: 48860, moz:profile: C:\Users\siri\AppData\Local..., moz:shutdownTimeout: 60000, moz:useNonSpecCompliantPointerOrigin: false, moz:webdriverClick: true, pageLoadStrategy: normal, platform: WINDOWS, platformName: WINDOWS, platformVersion: 10.0, rotatable: false, setWindowRect: true, strictFileInteractability: false, timeouts: {implicit: 0, pageLoad: 300000, script: 30000}, unhandledPromptBehavior: dismiss and notify}
Session ID: b57d424f-60c5-4057-8917-d11c9046c6e7
*** Element info: {Using=xpath, value=//div[@class='dp-sidebar-wrapper__contact']//div[@class='ui-agent__text']//h4[@class='ui-agent__name']}
	at sun.reflect.NativeConstructorAccessorImpl.newInstance0(Native Method)
	at sun.reflect.NativeConstructorAccessorImpl.newInstance(Unknown Source)
	at sun.reflect.DelegatingConstructorAccessorImpl.newInstance(Unknown Source)
	at java.lang.reflect.Constructor.newInstance(Unknown Source)
	at org.openqa.selenium.remote.http.W3CHttpResponseCodec.createException(W3CHttpResponseCodec.java:187)
	at org.openqa.selenium.remote.http.W3CHttpResponseCodec.decode(W3CHttpResponseCodec.java:122)
	at org.openqa.selenium.remote.http.W3CHttpResponseCodec.decode(W3CHttpResponseCodec.java:49)
	at org.openqa.selenium.remote.HttpCommandExecutor.execute(HttpCommandExecutor.java:158)
	at org.openqa.selenium.remote.service.DriverCommandExecutor.execute(DriverCommandExecutor.java:83)
	at org.openqa.selenium.remote.RemoteWebDriver.execute(RemoteWebDriver.java:552)
	at org.openqa.selenium.remote.RemoteWebDriver.findElement(RemoteWebDriver.java:323)
	at org.openqa.selenium.remote.RemoteWebDriver.findElementByXPath(RemoteWebDriver.java:428)
	at org.openqa.selenium.By$ByXPath.findElement(By.java:353)
	at org.openqa.selenium.remote.RemoteWebDriver.findElement(RemoteWebDriver.java:315)
	at org.openqa.selenium.support.pagefactory.DefaultElementLocator.findElement(DefaultElementLocator.java:69)
	at org.openqa.selenium.support.pagefactory.internal.LocatingElementHandler.invoke(LocatingElementHandler.java:38)
	at com.sun.proxy.$Proxy11.getText(Unknown Source)
	at com.zoopla.SearchhousesFunctionality.searchhouses.click_and_verify_agentname(searchhouses.java:46)
	at sun.reflect.NativeMethodAccessorImpl.invoke0(Native Method)
	at sun.reflect.NativeMethodAccessorImpl.invoke(Unknown Source)
	at sun.reflect.DelegatingMethodAccessorImpl.invoke(Unknown Source)
	at java.lang.reflect.Method.invoke(Unknown Source)
	at org.testng.internal.MethodInvocationHelper.invokeMethod(MethodInvocationHelper.java:104)
	at org.testng.internal.Invoker.invokeMethod(Invoker.java:645)
	at org.testng.internal.Invoker.invokeTestMethod(Invoker.java:851)
	at org.testng.internal.Invoker.invokeTestMethods(Invoker.java:1177)
	at org.testng.internal.TestMethodWorker.invokeTestMethods(TestMethodWorker.java:129)
	at org.testng.internal.TestMethodWorker.run(TestMethodWorker.java:112)
	at org.testng.TestRunner.privateRun(TestRunner.java:756)
	at org.testng.TestRunner.run(TestRunner.java:610)
	at org.testng.SuiteRunner.runTest(SuiteRunner.java:387)
	at org.testng.SuiteRunner.access$000(SuiteRunner.java:39)
	at org.testng.SuiteRunner$SuiteWorker.run(SuiteRunner.java:421)
	at org.testng.internal.thread.ThreadUtil$2.call(ThreadUtil.java:64)
	at java.util.concurrent.FutureTask.run(Unknown Source)
	at java.util.concurrent.ThreadPoolExecutor.runWorker(Unknown Source)
	at java.util.concurrent.ThreadPoolExecutor$Worker.run(Unknown Source)
	at java.lang.Thread.run(Unknown Source)
]]>
            </full-stacktrace>
          </exception> <!-- org.openqa.selenium.NoSuchElementException -->
          <reporter-output>
          </reporter-output>
        </test-method> <!-- click_and_verify_agentname -->
      </class> <!-- com.zoopla.SearchhousesFunctionality.searchhouses -->
    </test> <!-- ChromeTest -->
    <test name="FirefoxTest" duration-ms="38035" started-at="2020-09-08T07:31:45Z" finished-at="2020-09-08T07:32:23Z">
      <class name="com.zoopla.SearchhousesFunctionality.searchhouses">
        <test-method status="PASS" signature="Loaddependcies()[pri:0, instance:com.zoopla.SearchhousesFunctionality.searchhouses@23d2a7e8]" name="Loaddependcies" is-config="true" duration-ms="4399" started-at="2020-09-08T00:31:41Z" finished-at="2020-09-08T00:31:45Z">
          <reporter-output>
          </reporter-output>
        </test-method> <!-- Loaddependcies -->
        <test-method status="PASS" signature="SettingtheEnvironment()[pri:0, instance:com.zoopla.SearchhousesFunctionality.searchhouses@23d2a7e8]" name="SettingtheEnvironment" is-config="true" duration-ms="7920" started-at="2020-09-08T00:31:45Z" finished-at="2020-09-08T00:31:53Z">
          <reporter-output>
          </reporter-output>
        </test-method> <!-- SettingtheEnvironment -->
        <test-method status="PASS" signature="enter_input_location()[pri:0, instance:com.zoopla.SearchhousesFunctionality.searchhouses@23d2a7e8]" name="enter_input_location" duration-ms="20267" started-at="2020-09-08T00:31:53Z" finished-at="2020-09-08T00:32:14Z">
          <reporter-output>
          </reporter-output>
        </test-method> <!-- enter_input_location -->
        <test-method status="PASS" signature="listof_house_prices_in_descending()[pri:1, instance:com.zoopla.SearchhousesFunctionality.searchhouses@23d2a7e8]" name="listof_house_prices_in_descending" duration-ms="4710" started-at="2020-09-08T00:32:14Z" finished-at="2020-09-08T00:32:18Z">
          <reporter-output>
          </reporter-output>
        </test-method> <!-- listof_house_prices_in_descending -->
        <test-method status="PASS" signature="click_on_the_fiveth_property()[pri:2, instance:com.zoopla.SearchhousesFunctionality.searchhouses@23d2a7e8]" name="click_on_the_fiveth_property" duration-ms="4711" started-at="2020-09-08T00:32:18Z" finished-at="2020-09-08T00:32:23Z">
          <reporter-output>
          </reporter-output>
        </test-method> <!-- click_on_the_fiveth_property -->
        <test-method status="FAIL" signature="click_and_verify_agentname()[pri:3, instance:com.zoopla.SearchhousesFunctionality.searchhouses@23d2a7e8]" name="click_and_verify_agentname" duration-ms="10" started-at="2020-09-08T00:32:23Z" finished-at="2020-09-08T00:32:23Z">
          <exception class="org.openqa.selenium.NoSuchElementException">
            <message>
              <![CDATA[Unable to locate element: //div[@class='dp-sidebar-wrapper__contact']//div[@class='ui-agent__text']//h4[@class='ui-agent__name']
For documentation on this error, please visit: http://seleniumhq.org/exceptions/no_such_element.html
Build info: version: '3.141.5', revision: 'd54ebd709a', time: '2018-11-06T11:42:16'
System info: host: 'SIRI-PC', ip: '192.168.0.23', os.name: 'Windows 10', os.arch: 'amd64', os.version: '10.0', java.version: '1.8.0_251'
Driver info: org.openqa.selenium.firefox.FirefoxDriver
Capabilities {acceptInsecureCerts: true, browserName: firefox, browserVersion: 79.0, javascriptEnabled: true, moz:accessibilityChecks: false, moz:buildID: 20200720193547, moz:geckodriverVersion: 0.27.0, moz:headless: false, moz:processID: 48860, moz:profile: C:\Users\siri\AppData\Local..., moz:shutdownTimeout: 60000, moz:useNonSpecCompliantPointerOrigin: false, moz:webdriverClick: true, pageLoadStrategy: normal, platform: WINDOWS, platformName: WINDOWS, platformVersion: 10.0, rotatable: false, setWindowRect: true, strictFileInteractability: false, timeouts: {implicit: 0, pageLoad: 300000, script: 30000}, unhandledPromptBehavior: dismiss and notify}
Session ID: b57d424f-60c5-4057-8917-d11c9046c6e7
*** Element info: {Using=xpath, value=//div[@class='dp-sidebar-wrapper__contact']//div[@class='ui-agent__text']//h4[@class='ui-agent__name']}]]>
            </message>
            <full-stacktrace>
              <![CDATA[org.openqa.selenium.NoSuchElementException: Unable to locate element: //div[@class='dp-sidebar-wrapper__contact']//div[@class='ui-agent__text']//h4[@class='ui-agent__name']
For documentation on this error, please visit: http://seleniumhq.org/exceptions/no_such_element.html
Build info: version: '3.141.5', revision: 'd54ebd709a', time: '2018-11-06T11:42:16'
System info: host: 'SIRI-PC', ip: '192.168.0.23', os.name: 'Windows 10', os.arch: 'amd64', os.version: '10.0', java.version: '1.8.0_251'
Driver info: org.openqa.selenium.firefox.FirefoxDriver
Capabilities {acceptInsecureCerts: true, browserName: firefox, browserVersion: 79.0, javascriptEnabled: true, moz:accessibilityChecks: false, moz:buildID: 20200720193547, moz:geckodriverVersion: 0.27.0, moz:headless: false, moz:processID: 48860, moz:profile: C:\Users\siri\AppData\Local..., moz:shutdownTimeout: 60000, moz:useNonSpecCompliantPointerOrigin: false, moz:webdriverClick: true, pageLoadStrategy: normal, platform: WINDOWS, platformName: WINDOWS, platformVersion: 10.0, rotatable: false, setWindowRect: true, strictFileInteractability: false, timeouts: {implicit: 0, pageLoad: 300000, script: 30000}, unhandledPromptBehavior: dismiss and notify}
Session ID: b57d424f-60c5-4057-8917-d11c9046c6e7
*** Element info: {Using=xpath, value=//div[@class='dp-sidebar-wrapper__contact']//div[@class='ui-agent__text']//h4[@class='ui-agent__name']}
	at sun.reflect.NativeConstructorAccessorImpl.newInstance0(Native Method)
	at sun.reflect.NativeConstructorAccessorImpl.newInstance(Unknown Source)
	at sun.reflect.DelegatingConstructorAccessorImpl.newInstance(Unknown Source)
	at java.lang.reflect.Constructor.newInstance(Unknown Source)
	at org.openqa.selenium.remote.http.W3CHttpResponseCodec.createException(W3CHttpResponseCodec.java:187)
	at org.openqa.selenium.remote.http.W3CHttpResponseCodec.decode(W3CHttpResponseCodec.java:122)
	at org.openqa.selenium.remote.http.W3CHttpResponseCodec.decode(W3CHttpResponseCodec.java:49)
	at org.openqa.selenium.remote.HttpCommandExecutor.execute(HttpCommandExecutor.java:158)
	at org.openqa.selenium.remote.service.DriverCommandExecutor.execute(DriverCommandExecutor.java:83)
	at org.openqa.selenium.remote.RemoteWebDriver.execute(RemoteWebDriver.java:552)
	at org.openqa.selenium.remote.RemoteWebDriver.findElement(RemoteWebDriver.java:323)
	at org.openqa.selenium.remote.RemoteWebDriver.findElementByXPath(RemoteWebDriver.java:428)
	at org.openqa.selenium.By$ByXPath.findElement(By.java:353)
	at org.openqa.selenium.remote.RemoteWebDriver.findElement(RemoteWebDriver.java:315)
	at org.openqa.selenium.support.pagefactory.DefaultElementLocator.findElement(DefaultElementLocator.java:69)
	at org.openqa.selenium.support.pagefactory.internal.LocatingElementHandler.invoke(LocatingElementHandler.java:38)
	at com.sun.proxy.$Proxy11.getText(Unknown Source)
	at com.zoopla.SearchhousesFunctionality.searchhouses.click_and_verify_agentname(searchhouses.java:46)
	at sun.reflect.NativeMethodAccessorImpl.invoke0(Native Method)
	at sun.reflect.NativeMethodAccessorImpl.invoke(Unknown Source)
	at sun.reflect.DelegatingMethodAccessorImpl.invoke(Unknown Source)
	at java.lang.reflect.Method.invoke(Unknown Source)
	at org.testng.internal.MethodInvocationHelper.invokeMethod(MethodInvocationHelper.java:104)
	at org.testng.internal.Invoker.invokeMethod(Invoker.java:645)
	at org.testng.internal.Invoker.invokeTestMethod(Invoker.java:851)
	at org.testng.internal.Invoker.invokeTestMethods(Invoker.java:1177)
	at org.testng.internal.TestMethodWorker.invokeTestMethods(TestMethodWorker.java:129)
	at org.testng.internal.TestMethodWorker.run(TestMethodWorker.java:112)
	at org.testng.TestRunner.privateRun(TestRunner.java:756)
	at org.testng.TestRunner.run(TestRunner.java:610)
	at org.testng.SuiteRunner.runTest(SuiteRunner.java:387)
	at org.testng.SuiteRunner.access$000(SuiteRunner.java:39)
	at org.testng.SuiteRunner$SuiteWorker.run(SuiteRunner.java:421)
	at org.testng.internal.thread.ThreadUtil$2.call(ThreadUtil.java:64)
	at java.util.concurrent.FutureTask.run(Unknown Source)
	at java.util.concurrent.ThreadPoolExecutor.runWorker(Unknown Source)
	at java.util.concurrent.ThreadPoolExecutor$Worker.run(Unknown Source)
	at java.lang.Thread.run(Unknown Source)
]]>
            </full-stacktrace>
          </exception> <!-- org.openqa.selenium.NoSuchElementException -->
          <reporter-output>
          </reporter-output>
        </test-method> <!-- click_and_verify_agentname -->
        <test-method status="PASS" signature="quitbrowser()[pri:0, instance:com.zoopla.SearchhousesFunctionality.searchhouses@23d2a7e8]" name="quitbrowser" is-config="true" duration-ms="2044" started-at="2020-09-08T00:32:24Z" finished-at="2020-09-08T00:32:26Z">
          <reporter-output>
          </reporter-output>
        </test-method> <!-- quitbrowser -->
      </class> <!-- com.zoopla.SearchhousesFunctionality.searchhouses -->
    </test> <!-- FirefoxTest -->
  </suite> <!-- FunctionalTestSuite -->
</testng-results>
